{"level":"info","msg":"User with NIM 236661022 has voted","time":"Thu, 15 May 2025 11:13:33 GMT"}
{"level":"info","msg":"User with NIM 236661010 has voted","time":"Thu, 15 May 2025 11:37:21 GMT"}
{"level":"info","msg":"User with NIM 236661022 has voted","time":"Thu, 15 May 2025 11:49:22 GMT"}
{"level":"info","msg":"User with NIM 236661025 has voted","time":"Fri, 16 May 2025 14:37:44 GMT"}
{"level":"info","msg":"User with NIM 236661025 has voted","time":"Fri, 16 May 2025 14:46:47 GMT"}
{"level":"info","msg":"User with NIM 236661025 has voted","time":"Fri, 16 May 2025 14:49:26 GMT"}
{"level":"info","msg":"User with NIM 236661026 has voted","time":"Fri, 16 May 2025 14:50:06 GMT"}
{"level":"info","msg":"User with NIM 236661027 has voted","time":"Fri, 16 May 2025 15:03:44 GMT"}
{"level":"info","msg":"User with NIM 236661022 has voted","time":"Fri, 16 May 2025 22:05:03 GMT"}
{"level":"info","msg":"User with NIM 236661022 has voted","time":"Sat, 17 May 2025 19:02:02 GMT"}
{"level":"info","msg":"User with NIM 236661023 has voted","time":"Sat, 17 May 2025 19:04:04 GMT"}
{"level":"info","msg":"User with NIM 236661024 has voted","time":"Sat, 17 May 2025 19:05:42 GMT"}
{"level":"info","msg":"User with NIM 236661024 has voted","time":"Sat, 17 May 2025 20:06:02 GMT"}
{"level":"info","msg":"User with NIM 236661024 has voted","time":"Sat, 17 May 2025 20:10:14 GMT"}
{"level":"info","msg":"User with NIM 236661001 has voted","time":"Sun, 18 May 2025 20:31:11 GMT"}
{"level":"info","msg":"User with NIM 236661001 has voted","time":"Sun, 18 May 2025 21:12:08 GMT"}
{"level":"info","msg":"User with NIM 236661002 has voted","time":"Sun, 18 May 2025 21:24:55 GMT"}
{"level":"info","msg":"User with NIM 236661002 has voted","time":"Mon, 19 May 2025 14:21:25 GMT"}
{"level":"info","msg":"User with NIM 236661001 has voted","time":"Mon, 19 May 2025 14:22:38 GMT"}
{"level":"info","msg":"User with NIM 236661022 has voted","time":"Mon, 19 May 2025 18:47:40 GMT"}
{"level":"info","msg":"User with NIM 236661023 has voted","time":"Mon, 19 May 2025 18:50:55 GMT"}
{"level":"info","msg":"User with NIM 236661005 has voted","time":"Mon, 19 May 2025 18:51:29 GMT"}
{"level":"info","msg":"User with NIM 236661006 has voted","time":"Mon, 19 May 2025 18:52:30 GMT"}
{"level":"info","msg":"User with NIM 236661007 has voted","time":"Mon, 19 May 2025 18:53:10 GMT"}
{"level":"info","msg":"User with NIM 236661008 has voted","time":"Mon, 19 May 2025 18:53:53 GMT"}
{"level":"info","msg":"User with NIM 236661009 has voted","time":"Mon, 19 May 2025 18:59:32 GMT"}
{"level":"info","msg":"User with NIM 236661010 has voted","time":"Mon, 19 May 2025 19:00:43 GMT"}
{"level":"info","msg":"User with NIM 236661001 has voted","time":"Mon, 19 May 2025 19:15:25 GMT"}
{"level":"info","msg":"User with NIM 236661002 has voted","time":"Mon, 19 May 2025 19:26:19 GMT"}
{"level":"info","msg":"User with NIM 236661003 has voted","time":"Mon, 19 May 2025 19:29:53 GMT"}
{"level":"info","msg":"User with NIM 236661004 has voted","time":"Mon, 19 May 2025 19:33:05 GMT"}
{"level":"info","msg":"User with NIM 236661001 has voted","time":"Mon, 19 May 2025 22:52:39 GMT"}
